Using pre-set license

 COMMAND LINE ARGUMENTS:
/Users/walterpalladino/Unity/Editors/2020.3.0f1/Unity.app/Contents/MacOS/Unity
-adb2
-batchMode
-noUpm
-name
AssetImportWorker0
-projectPath
/Users/walterpalladino/prg/unity-ws/HenrysHouseRemake
-logFile
Logs/AssetImportWorker0.log
-srvPort
54057
Successfully changed project path to: /Users/walterpalladino/prg/unity-ws/HenrysHouseRemake
/Users/walterpalladino/prg/unity-ws/HenrysHouseRemake
Using Asset Import Pipeline V2.
Refreshing native plugins compatible for Editor in 30.56 ms, found 1 plugins.
Preloading 0 native plugins for Editor in 0.00 ms.
Initialize engine version: 2020.3.0f1 (c7b5465681fb)
[Subsystems] Discovering subsystems at path /Users/walterpalladino/Unity/Editors/2020.3.0f1/Unity.app/Contents/Resources/UnitySubsystems
[Subsystems] Discovering subsystems at path /Users/walterpalladino/prg/unity-ws/HenrysHouseRemake/Assets
GfxDevice: creating device client; threaded=0
2021-03-18 20:28:48.059 Unity[30562:1123565] (null) preferred device: Apple M1 (high power)
2021-03-18 20:28:48.059 Unity[30562:1123565] Metal devices available: 1
2021-03-18 20:28:48.059 Unity[30562:1123565] 0: Apple M1 (high power)
2021-03-18 20:28:48.060 Unity[30562:1123565] Using device Apple M1 (high power)
Initializing Metal device caps: Apple M1
Initialize mono
Mono path[0] = '/Users/walterpalladino/Unity/Editors/2020.3.0f1/Unity.app/Contents/Managed'
Mono path[1] = '/Users/walterpalladino/Unity/Editors/2020.3.0f1/Unity.app/Contents/MonoBleedingEdge/lib/mono/unityjit'
Mono config path = '/Users/walterpalladino/Unity/Editors/2020.3.0f1/Unity.app/Contents/MonoBleedingEdge/etc'
Using monoOptions --debugger-agent=transport=dt_socket,embedding=1,server=y,suspend=n,address=127.0.0.1:56562
Begin MonoManager ReloadAssembly
Registering precompiled unity dll's ...
Register platform support module: /Users/walterpalladino/Unity/Editors/2020.3.0f1/Unity.app/Contents/PlaybackEngines/MacStandaloneSupport/UnityEditor.OSXStandalone.Extensions.dll
Registered in 0.001206 seconds.
Native extension for OSXStandalone target not found
Refreshing native plugins compatible for Editor in 28.17 ms, found 1 plugins.
Preloading 0 native plugins for Editor in 0.00 ms.
Invoked RoslynAnalysisRunner static constructor.
RoslynAnalysisRunner will not be running.
RoslynAnalysisRunner has terminated.
Mono: successfully reloaded assembly
- Completed reload, in  2.060 seconds
Platform modules already initialized, skipping
Registering precompiled user dll's ...
Registered in 0.002655 seconds.
Begin MonoManager ReloadAssembly
Native extension for OSXStandalone target not found
Refreshing native plugins compatible for Editor in 0.34 ms, found 1 plugins.
Preloading 0 native plugins for Editor in 0.00 ms.
Invoked RoslynAnalysisRunner static constructor.
RoslynAnalysisRunner will not be running.
RoslynAnalysisRunner has terminated.
Mono: successfully reloaded assembly
- Completed reload, in  1.803 seconds
Platform modules already initialized, skipping
========================================================================
Worker process is ready to serve import requests
Launching external process: /Users/walterpalladino/Unity/Editors/2020.3.0f1/Unity.app/Contents/Tools/UnityShaderCompiler
Launched and connected shader compiler UnityShaderCompiler after 0.02 seconds
Refreshing native plugins compatible for Editor in 0.33 ms, found 1 plugins.
Preloading 0 native plugins for Editor in 0.00 ms.
Unloading 1441 Unused Serialized files (Serialized files now loaded: 0)
System memory in use before: 120.7 MB.
System memory in use after: 120.8 MB.

Unloading 33 unused Assets to reduce memory usage. Loaded Objects now: 1871.
Total: 1.348083 ms (FindLiveObjects: 0.128208 ms CreateObjectMapping: 0.028667 ms MarkObjects: 1.129791 ms  DeleteObjects: 0.060667 ms)

========================================================================
Received Import Request.
  path: Assets/Sprites/HenrysHouse-Icon.png
  artifactKey: Guid(60244f0443c4449d3be5d1b9cfbde033) Importer(815301076,1909f56bfc062723c751e8b465ee728b)
Start importing Assets/Sprites/HenrysHouse-Icon.png using Guid(60244f0443c4449d3be5d1b9cfbde033) Importer(815301076,1909f56bfc062723c751e8b465ee728b)  -> (artifact id: 'a2699c22d47ad6637765e896efa6711a') in 0.737641 seconds
  Import took 0.740067 seconds .

========================================================================
Received Import Request.
  Time since last request: 0.000254 seconds.
  path: Assets/Sprites/HenrysHouse-Icon-1024.png
  artifactKey: Guid(ef5de3501d6154fea94c70c65ffb5f05) Importer(815301076,1909f56bfc062723c751e8b465ee728b)
Start importing Assets/Sprites/HenrysHouse-Icon-1024.png using Guid(ef5de3501d6154fea94c70c65ffb5f05) Importer(815301076,1909f56bfc062723c751e8b465ee728b)  -> (artifact id: 'fbf88ab5e801fa9315b50589c759b64f') in 0.014529 seconds
  Import took 0.016218 seconds .

========================================================================
Received Import Request.
  Time since last request: 0.000293 seconds.
  path: Assets/Sprites/HenrysHouse-Faces-Anim.png
  artifactKey: Guid(6c39c5ebc60004c42bb34d712139a4d1) Importer(815301076,1909f56bfc062723c751e8b465ee728b)
Start importing Assets/Sprites/HenrysHouse-Faces-Anim.png using Guid(6c39c5ebc60004c42bb34d712139a4d1) Importer(815301076,1909f56bfc062723c751e8b465ee728b)  -> (artifact id: 'a1d19329b0cce9ec229d9284be93e81a') in 0.047020 seconds
  Import took 0.048780 seconds .

========================================================================
Received Import Request.
  Time since last request: 0.000202 seconds.
  path: Assets/Sprites/HenrysHouse-Player.png
  artifactKey: Guid(1b91530a861f74a959735c788825dbcf) Importer(815301076,1909f56bfc062723c751e8b465ee728b)
Start importing Assets/Sprites/HenrysHouse-Player.png using Guid(1b91530a861f74a959735c788825dbcf) Importer(815301076,1909f56bfc062723c751e8b465ee728b)  -> (artifact id: 'ae7b2a46ba710cd06b49227022886ec4') in 0.006031 seconds
  Import took 0.007673 seconds .

========================================================================
Received Import Request.
  Time since last request: 0.000221 seconds.
  path: Assets/Sprites/HenrysHouse-items.png
  artifactKey: Guid(76ec5671521f24a6685f871a27c46503) Importer(815301076,1909f56bfc062723c751e8b465ee728b)
Start importing Assets/Sprites/HenrysHouse-items.png using Guid(76ec5671521f24a6685f871a27c46503) Importer(815301076,1909f56bfc062723c751e8b465ee728b)  -> (artifact id: 'c21d6a95f3d332907af68413d51b9be8') in 0.054552 seconds
  Import took 0.056377 seconds .

========================================================================
Received Import Request.
  Time since last request: 0.000407 seconds.
  path: Assets/Sprites/HenrysHouse-Player-2.png
  artifactKey: Guid(a10b997568297440ab93097f4230419b) Importer(815301076,1909f56bfc062723c751e8b465ee728b)
Start importing Assets/Sprites/HenrysHouse-Player-2.png using Guid(a10b997568297440ab93097f4230419b) Importer(815301076,1909f56bfc062723c751e8b465ee728b)  -> (artifact id: 'eb537648ed42ddbf5035144f3711dfc6') in 0.018409 seconds
  Import took 0.020065 seconds .

========================================================================
Received Import Request.
  Time since last request: 0.000249 seconds.
  path: Assets/Sprites/StarringLittleHenry.png
  artifactKey: Guid(24a27be34c7f1414ab188de7e79f8d0d) Importer(815301076,1909f56bfc062723c751e8b465ee728b)
Start importing Assets/Sprites/StarringLittleHenry.png using Guid(24a27be34c7f1414ab188de7e79f8d0d) Importer(815301076,1909f56bfc062723c751e8b465ee728b)  -> (artifact id: '4472f40233ef42ebeb6d0c4abb1f92c2') in 0.006941 seconds
  Import took 0.008552 seconds .

========================================================================
Received Import Request.
  Time since last request: 0.000256 seconds.
  path: Assets/Sprites/HenrysHouse-ClownShoeAnimation.png
  artifactKey: Guid(1c8b1280da784418dad31a76a6c057b3) Importer(815301076,1909f56bfc062723c751e8b465ee728b)
Start importing Assets/Sprites/HenrysHouse-ClownShoeAnimation.png using Guid(1c8b1280da784418dad31a76a6c057b3) Importer(815301076,1909f56bfc062723c751e8b465ee728b)  -> (artifact id: '2bcd75f06d6466eeb7cbbd6b7315f4ae') in 0.017336 seconds
  Import took 0.019517 seconds .

========================================================================
Received Import Request.
  Time since last request: 57.077389 seconds.
  path: Assets/Sprites/HenrysHouse-Icon-1024.png
  artifactKey: Guid(ef5de3501d6154fea94c70c65ffb5f05) Importer(815301076,1909f56bfc062723c751e8b465ee728b)
Start importing Assets/Sprites/HenrysHouse-Icon-1024.png using Guid(ef5de3501d6154fea94c70c65ffb5f05) Importer(815301076,1909f56bfc062723c751e8b465ee728b)  -> (artifact id: 'f3aab119d0008d1e9a762c4eaf3b5c29') in 0.012956 seconds
  Import took 0.015346 seconds .

========================================================================
Received Import Request.
  Time since last request: 16.477921 seconds.
  path: Assets/Sprites/HenrysHouse-Icon.png
  artifactKey: Guid(60244f0443c4449d3be5d1b9cfbde033) Importer(815301076,1909f56bfc062723c751e8b465ee728b)
Start importing Assets/Sprites/HenrysHouse-Icon.png using Guid(60244f0443c4449d3be5d1b9cfbde033) Importer(815301076,1909f56bfc062723c751e8b465ee728b)  -> (artifact id: 'c2933aa67cc2d45c204ab1bd7bbc301b') in 0.008524 seconds
  Import took 0.010797 seconds .

========================================================================
Received Import Request.
  Time since last request: 224.303239 seconds.
  path: Assets/Sprites/HenrysHouse-ClownShoeAnimation.png
  artifactKey: Guid(1c8b1280da784418dad31a76a6c057b3) Importer(815301076,1909f56bfc062723c751e8b465ee728b)
Start importing Assets/Sprites/HenrysHouse-ClownShoeAnimation.png using Guid(1c8b1280da784418dad31a76a6c057b3) Importer(815301076,1909f56bfc062723c751e8b465ee728b)  -> (artifact id: '625d1d70e794bb8b9b8953514aee011d') in 0.018002 seconds
  Import took 0.020431 seconds .

========================================================================
Received Import Request.
  Time since last request: 184.023197 seconds.
  path: Assets/Sprites/HenrysHouse-Faces-Anim.png
  artifactKey: Guid(6c39c5ebc60004c42bb34d712139a4d1) Importer(815301076,1909f56bfc062723c751e8b465ee728b)
Start importing Assets/Sprites/HenrysHouse-Faces-Anim.png using Guid(6c39c5ebc60004c42bb34d712139a4d1) Importer(815301076,1909f56bfc062723c751e8b465ee728b)  -> (artifact id: 'e9778c9cb4010d844ff1dd5fe87354b9') in 0.044611 seconds
  Import took 0.046671 seconds .

========================================================================
Received Import Request.
  Time since last request: 25.955048 seconds.
  path: Assets/Sprites/HenrysHouse-Icon-1024.png
  artifactKey: Guid(ef5de3501d6154fea94c70c65ffb5f05) Importer(815301076,1909f56bfc062723c751e8b465ee728b)
Start importing Assets/Sprites/HenrysHouse-Icon-1024.png using Guid(ef5de3501d6154fea94c70c65ffb5f05) Importer(815301076,1909f56bfc062723c751e8b465ee728b)  -> (artifact id: 'f378d4ae2c420010e19e7e27809fbe15') in 0.012811 seconds
  Import took 0.015056 seconds .

========================================================================
Received Import Request.
  Time since last request: 20.331380 seconds.
  path: Assets/Sprites/HenrysHouse-Icon.png
  artifactKey: Guid(60244f0443c4449d3be5d1b9cfbde033) Importer(815301076,1909f56bfc062723c751e8b465ee728b)
Start importing Assets/Sprites/HenrysHouse-Icon.png using Guid(60244f0443c4449d3be5d1b9cfbde033) Importer(815301076,1909f56bfc062723c751e8b465ee728b)  -> (artifact id: '79cfe62a89656c227993ae4c1b167edd') in 0.008168 seconds
  Import took 0.010506 seconds .

========================================================================
Received Import Request.
  Time since last request: 209.669001 seconds.
  path: Assets/Sprites/HenrysHouse-items.png
  artifactKey: Guid(76ec5671521f24a6685f871a27c46503) Importer(815301076,1909f56bfc062723c751e8b465ee728b)
Start importing Assets/Sprites/HenrysHouse-items.png using Guid(76ec5671521f24a6685f871a27c46503) Importer(815301076,1909f56bfc062723c751e8b465ee728b)  -> (artifact id: '580fe2e35e540827ceac16c5d7e599c6') in 0.051979 seconds
  Import took 0.054129 seconds .

========================================================================
Received Import Request.
  Time since last request: 55.588966 seconds.
  path: Assets/Sprites/HenrysHouse-Player-2.png
  artifactKey: Guid(a10b997568297440ab93097f4230419b) Importer(815301076,1909f56bfc062723c751e8b465ee728b)
Start importing Assets/Sprites/HenrysHouse-Player-2.png using Guid(a10b997568297440ab93097f4230419b) Importer(815301076,1909f56bfc062723c751e8b465ee728b)  -> (artifact id: '5758f0b02cc509b47cf67adfaa15058d') in 0.022836 seconds
  Import took 0.024988 seconds .

========================================================================
Received Import Request.
  Time since last request: 29.783659 seconds.
  path: Assets/Sprites/StarringLittleHenry.png
  artifactKey: Guid(24a27be34c7f1414ab188de7e79f8d0d) Importer(815301076,1909f56bfc062723c751e8b465ee728b)
Start importing Assets/Sprites/StarringLittleHenry.png using Guid(24a27be34c7f1414ab188de7e79f8d0d) Importer(815301076,1909f56bfc062723c751e8b465ee728b)  -> (artifact id: 'fbec821eebd06c655d6dc056f7d8dbc2') in 0.008171 seconds
  Import took 0.010542 seconds .

========================================================================
Received Prepare
Registering precompiled user dll's ...
Registered in 0.000623 seconds.
Begin MonoManager ReloadAssembly
Native extension for OSXStandalone target not found
Refreshing native plugins compatible for Editor in 0.34 ms, found 1 plugins.
Preloading 0 native plugins for Editor in 0.00 ms.
Invoked RoslynAnalysisRunner static constructor.
RoslynAnalysisRunner will not be running.
RoslynAnalysisRunner has terminated.
Mono: successfully reloaded assembly
- Completed reload, in  1.644 seconds
Platform modules already initialized, skipping
Refreshing native plugins compatible for Editor in 0.28 ms, found 1 plugins.
Preloading 0 native plugins for Editor in 0.00 ms.
Unloading 1435 Unused Serialized files (Serialized files now loaded: 0)
System memory in use before: 129.0 MB.
System memory in use after: 129.1 MB.

Unloading 24 unused Assets to reduce memory usage. Loaded Objects now: 1923.
Total: 1.217250 ms (FindLiveObjects: 0.088583 ms CreateObjectMapping: 0.028333 ms MarkObjects: 1.078542 ms  DeleteObjects: 0.020916 ms)

========================================================================
Received Prepare
Registering precompiled user dll's ...
Registered in 0.000557 seconds.
Begin MonoManager ReloadAssembly
Native extension for OSXStandalone target not found
Refreshing native plugins compatible for Editor in 0.34 ms, found 1 plugins.
Preloading 0 native plugins for Editor in 0.00 ms.
Invoked RoslynAnalysisRunner static constructor.
RoslynAnalysisRunner will not be running.
RoslynAnalysisRunner has terminated.
Mono: successfully reloaded assembly
- Completed reload, in  1.645 seconds
Platform modules already initialized, skipping
Refreshing native plugins compatible for Editor in 0.24 ms, found 1 plugins.
Preloading 0 native plugins for Editor in 0.00 ms.
Unloading 1435 Unused Serialized files (Serialized files now loaded: 0)
System memory in use before: 129.2 MB.
System memory in use after: 129.3 MB.

Unloading 24 unused Assets to reduce memory usage. Loaded Objects now: 1926.
Total: 1.210084 ms (FindLiveObjects: 0.090417 ms CreateObjectMapping: 0.030750 ms MarkObjects: 1.070042 ms  DeleteObjects: 0.017875 ms)

